<?xml version="1.0" encoding="UTF-8"?>
<!-- Generated by org.testng.reporters.JUnitReportReporter -->
<testsuite hostname="Ashirbad" name="testCases_Amazon.TestLogin" tests="1" failures="0" timestamp="23 Sep 2019 18:54:29 GMT" time="26.694" errors="0">
  <testcase name="workFlow" time="26.694" classname="testCases_Amazon.TestLogin"/>
</testsuite> <!-- testCases_Amazon.TestLogin -->
