<?xml version="1.0" encoding="UTF-8"?>
<!-- Generated by org.testng.reporters.JUnitReportReporter -->
<testsuite skipped="0" hostname="Ashirbad" name="testCases.TC_LoginTest_002" tests="1" failures="0" timestamp="28 Jul 2019 17:05:49 GMT" time="1.405" errors="0">
  <testcase name="test" time="1.405" classname="testCases.TC_LoginTest_002"/>
</testsuite> <!-- testCases.TC_LoginTest_002 -->
