<?xml version="1.0" encoding="UTF-8"?>
<!-- Generated by org.testng.reporters.JUnitReportReporter -->
<testsuite skipped="0" hostname="Ashirbad" name="testBase.StringForm" tests="2" failures="0" timestamp="09 Aug 2019 17:20:06 GMT" time="0.008" errors="0">
  <testcase name="StringForm1" time="0.007" classname="testBase.StringForm"/>
  <testcase name="StringForm2" time="0.001" classname="testBase.StringForm"/>
</testsuite> <!-- testBase.StringForm -->
